<?xml version="1.0" encoding="UTF-8"?>
<testng-results ignored="0" total="4" passed="4" failed="0" skipped="0">
  <reporter-output>
  </reporter-output>
  <suite started-at="2025-03-25T09:59:44 IST" name="PetSuite" finished-at="2025-03-25T10:00:14 IST" duration-ms="30017">
    <groups>
    </groups>
    <test started-at="2025-03-25T09:59:44 IST" name="PetTest" finished-at="2025-03-25T10:00:14 IST" duration-ms="30017">
      <class name="api.test.UserTests2">
        <test-method is-config="true" signature="SetUp()[pri:0, instance:api.test.UserTests2@3972a855]" started-at="2025-03-25T09:59:44 IST" name="SetUp" finished-at="2025-03-25T09:59:45 IST" duration-ms="855" status="PASS">
          <reporter-output>
          </reporter-output>
        </test-method> <!-- SetUp -->
        <test-method signature="TestPostUserByName()[pri:1, instance:api.test.UserTests2@3972a855]" started-at="2025-03-25T09:59:45 IST" name="TestPostUserByName" finished-at="2025-03-25T09:59:55 IST" duration-ms="9684" status="PASS">
          <reporter-output>
          </reporter-output>
        </test-method> <!-- TestPostUserByName -->
        <test-method signature="TestGetUsersByName()[pri:2, instance:api.test.UserTests2@3972a855]" started-at="2025-03-25T09:59:55 IST" name="TestGetUsersByName" finished-at="2025-03-25T10:00:03 IST" duration-ms="7716" status="PASS">
          <reporter-output>
          </reporter-output>
        </test-method> <!-- TestGetUsersByName -->
        <test-method signature="TestUpdateUserByName()[pri:3, instance:api.test.UserTests2@3972a855]" started-at="2025-03-25T10:00:03 IST" name="TestUpdateUserByName" finished-at="2025-03-25T10:00:11 IST" duration-ms="8821" status="PASS">
          <reporter-output>
          </reporter-output>
        </test-method> <!-- TestUpdateUserByName -->
        <test-method signature="TestDeleteUserByName()[pri:4, instance:api.test.UserTests2@3972a855]" started-at="2025-03-25T10:00:11 IST" name="TestDeleteUserByName" finished-at="2025-03-25T10:00:14 IST" duration-ms="2566" status="PASS">
          <reporter-output>
          </reporter-output>
        </test-method> <!-- TestDeleteUserByName -->
      </class> <!-- api.test.UserTests2 -->
    </test> <!-- PetTest -->
  </suite> <!-- PetSuite -->
</testng-results>
