<?xml version="1.0" encoding="UTF-8"?>
<!-- Generated by org.testng.reporters.JUnitXMLReporter -->
<testsuite ignored="0" hostname="DESKTOP-TMMCH4R" failures="1" tests="4" name="PetTest" time="15.85" errors="0" timestamp="2025-03-25T10:46:14 IST">
  <testcase classname="api.test.UserTests2" name="TestPostUserByName" time="4.05"/>
  <testcase classname="api.test.UserTests2" name="TestGetUsersByName" time="6.477">
    <failure type="java.lang.AssertionError" message="expected [200] but found [404]">
      <![CDATA[java.lang.AssertionError: expected [200] but found [404]
at api.test.UserTests2.TestGetUsersByName(UserTests2.java:70)
at java.base/java.util.ArrayList.forEach(ArrayList.java:1511)
... Removed 36 stack frames]]>
    </failure>
  </testcase> <!-- TestGetUsersByName -->
  <testcase classname="api.test.UserTests2" name="TestUpdateUserByName" time="2.808"/>
  <testcase classname="api.test.UserTests2" name="TestDeleteUserByName" time="1.401"/>
</testsuite> <!-- PetTest -->
